<?xml version="1.0" encoding="UTF-8"?>
<testsuite xmlns:xsi="http://www.w3.org/2001/XMLSchema-instance" xsi:noNamespaceSchemaLocation="https://maven.apache.org/surefire/maven-surefire-plugin/xsd/surefire-test-report-3.0.xsd" version="3.0" name="TestRunner.TestRunner" time="1.371" tests="3" errors="0" skipped="0" failures="0">
  <properties>
[...]
</properties>
  <testcase name="To Verify user is Not Able to Login with Invalid credentials" classname="Verify Login Functionality of application" time="0.129">
    <system-out><![CDATA[okokokok
username jatin
username 123456
okokokok
okokokok
]]></system-out>
  </testcase>
  <testcase name="To Verify user is UnAble to Login with valid Username &amp; Invalid password" classname="Verify Login Functionality of application" time="0.013">
    <system-out><![CDATA[okokokok
username Admin
username 12345678
okokokok
okokokok
]]></system-out>
  </testcase>
  <testcase name="To Verify user is Logins successfully with valid Username &amp; valid password" classname="Verify Login Functionality of application" time="0.006">
    <system-out><![CDATA[okokokok
okokokok
okokokok
okokokok
]]></system-out>
  </testcase>
</testsuite>